14:53:18	INFO	ПО запущено.
14:53:25	INFO	Протокол 'kmx_density_node1_111_20230905.xml' обработан.
15:01:20	INFO	ПО запущено.
15:01:27	INFO	Протокол 'kmx_density_node1_111_20230905.xml' обработан.
15:01:31	INFO	Протокол 'kmx_temperature_node1_123_20230905.xml' обработан.
15:01:31	INFO	Протокол 'kmx_temperature_node1_124_20230904.xml' обработан.
15:01:31	INFO	Протокол 'kmx_temperature_node1_125_20230903.xml' обработан.
15:01:31	INFO	Протокол 'kmx_temperature_node2_224_20230901.xml' обработан.
15:01:32	INFO	Протокол 'kmx_temperature_node3_336_20230902.xml' обработан.
15:01:32	INFO	Протокол 'kmx_pressure_node1_111_20230905.xml' обработан.
15:01:32	INFO	Протокол 'kmx_pressure_node2_222_20230904.xml' обработан.
15:01:32	INFO	Протокол 'kmx_pressure_node2_223_20230903.xml' обработан.
15:01:32	INFO	Протокол 'kmx_pressure_node2_334_20230901.xml' обработан.
15:01:32	INFO	Протокол 'kmx_pressure_node3_333_20230902.xml' обработан.
15:01:32	INFO	Отчет 'pr_node1_20231103.xml' обработан.
15:01:32	INFO	Отчет 'pr_node2_20231103.xml' обработан.
15:01:32	INFO	Отчет 'pr_node3_20231103.xml' обработан.
15:01:32	INFO	Отчет 'hr_node1_20231103T0000.xml' обработан.
15:01:32	INFO	Отчет 'hr_node1_20231103T0100.xml' обработан.
15:01:32	INFO	Отчет 'hr_node1_20231103T0200.xml' обработан.
15:01:32	INFO	Отчет 'hr_node1_20231103T0300.xml' обработан.
15:01:32	INFO	Отчет 'hr_node1_20231103T0400.xml' обработан.
15:01:32	INFO	Отчет 'hr_node1_20231103T0500.xml' обработан.
15:01:32	INFO	Отчет 'hr_node1_20231103T0600.xml' обработан.
15:01:32	INFO	Отчет 'hr_node1_20231103T0700.xml' обработан.
15:01:32	INFO	Отчет 'hr_node1_20231103T0800.xml' обработан.
15:01:32	INFO	Отчет 'hr_node1_20231103T0900.xml' обработан.
15:01:32	INFO	Отчет 'hr_node1_20231103T1000.xml' обработан.
15:01:32	INFO	Отчет 'hr_node1_20231103T1100.xml' обработан.
15:01:32	INFO	Отчет 'hr_node1_20231103T1200.xml' обработан.
15:01:32	INFO	Отчет 'hr_node1_20231103T1300.xml' обработан.
15:01:32	INFO	Отчет 'hr_node1_20231103T1400.xml' обработан.
15:01:32	INFO	Отчет 'hr_node1_20231103T1500.xml' обработан.
15:01:32	INFO	Отчет 'hr_node1_20231103T1600.xml' обработан.
15:01:32	INFO	Отчет 'hr_node1_20231103T1700.xml' обработан.
15:01:32	INFO	Отчет 'hr_node1_20231103T1800.xml' обработан.
15:01:32	INFO	Отчет 'hr_node1_20231103T1900.xml' обработан.
15:01:32	INFO	Отчет 'hr_node1_20231103T2000.xml' обработан.
15:01:33	INFO	Отчет 'hr_node1_20231103T2100.xml' обработан.
15:01:33	INFO	Отчет 'hr_node1_20231103T2200.xml' обработан.
15:01:33	INFO	Отчет 'hr_node1_20231103T2300.xml' обработан.
15:01:33	INFO	Отчет 'hr_node1_20231104T0000.xml' обработан.
15:01:33	INFO	Журнал 'e_node1_02.11.2023.xml' обработан.
15:01:33	INFO	Журнал 'e_node1_03.11.2023.xml' обработан.
15:01:33	INFO	Журнал 'e_node1_04.11.2023.xml' обработан.
15:01:33	INFO	Журнал 'e_node2_01.11.2023.xml' обработан.
15:01:33	INFO	Журнал 'e_node2_02.11.2023.xml' обработан.
15:01:33	INFO	Журнал 'e_node2_03.11.2023.xml' обработан.
15:01:33	INFO	Журнал 'e_node2_04.11.2023.xml' обработан.
15:01:33	INFO	Журнал 'e_node3_01.11.2023.xml' обработан.
15:01:33	INFO	Журнал 'e_node3_02.11.2023.xml' обработан.
15:01:34	INFO	Журнал 'e_node3_03.11.2023.xml' обработан.
15:01:34	INFO	Журнал 'e_node3_04.11.2023.xml' обработан.
15:08:26	INFO	ПО запущено.
15:08:42	INFO	Отчет за '2023-11-03' удален.
15:09:02	INFO	Отчет за '01.09.2023-02.09.2023' удален.
15:09:14	INFO	Отчет за '2023-11-04' удален.
15:09:37	INFO	Работа ПО завершена.
15:09:45	INFO	ПО запущено.
15:10:31	INFO	Вход в ИС.
15:10:55	ERROR	Исключение при получении списка таблиц узла node1: Истекло время ожидания соединения. Время ожидания истекло при попытке обработки подтверждения предварительного согласования. Возможно, произошел сбой во время предварительного согласования, или сервер не смог ответить вовремя.  Время, затраченное на попытки подключиться к этому серверу, составило: [Pre-Login] initialization=20180; handshake=1; .
15:10:55	ERROR	Исключение при выгрузке набора данных по узлу node1: Истекло время ожидания соединения. Время ожидания истекло при попытке обработки подтверждения предварительного согласования. Возможно, произошел сбой во время предварительного согласования, или сервер не смог ответить вовремя.  Время, затраченное на попытки подключиться к этому серверу, составило: [Pre-Login] initialization=20180; handshake=1; .
15:11:44	INFO	Вход в ИС.
15:14:01	INFO	Вход в ИС.
15:14:45	INFO	Отчет 'hr_node1_20231103T0000.xml' обработан.
15:14:45	INFO	Отчет 'hr_node1_20231103T0100.xml' обработан.
15:14:45	INFO	Отчет 'hr_node1_20231103T0200.xml' обработан.
15:14:45	INFO	Отчет 'hr_node1_20231103T0300.xml' обработан.
15:14:45	INFO	Отчет 'hr_node1_20231103T0400.xml' обработан.
15:14:45	INFO	Отчет 'hr_node1_20231103T0500.xml' обработан.
15:14:46	INFO	Отчет 'hr_node1_20231103T0600.xml' обработан.
15:14:46	INFO	Отчет 'hr_node1_20231103T0700.xml' обработан.
15:14:46	INFO	Отчет 'hr_node1_20231103T0800.xml' обработан.
15:14:46	INFO	Отчет 'hr_node1_20231103T0900.xml' обработан.
15:14:46	INFO	Отчет 'hr_node1_20231103T1000.xml' обработан.
15:14:46	INFO	Отчет 'hr_node1_20231103T1100.xml' обработан.
15:14:46	INFO	Отчет 'hr_node1_20231103T1200.xml' обработан.
15:14:46	INFO	Отчет 'hr_node1_20231103T1300.xml' обработан.
15:14:46	INFO	Отчет 'hr_node1_20231103T1400.xml' обработан.
15:14:46	INFO	Отчет 'hr_node1_20231103T1500.xml' обработан.
15:14:46	INFO	Отчет 'hr_node1_20231103T1600.xml' обработан.
15:14:46	INFO	Отчет 'hr_node1_20231103T1700.xml' обработан.
15:14:46	INFO	Отчет 'hr_node1_20231103T1800.xml' обработан.
15:14:46	INFO	Отчет 'hr_node1_20231103T1900.xml' обработан.
15:14:46	INFO	Отчет 'hr_node1_20231103T2000.xml' обработан.
15:14:46	INFO	Отчет 'hr_node1_20231103T2100.xml' обработан.
15:14:46	INFO	Отчет 'hr_node1_20231103T2200.xml' обработан.
15:14:46	INFO	Отчет 'hr_node1_20231103T2300.xml' обработан.
15:14:47	INFO	Отчет 'hr_node1_20231104T0000.xml' обработан.
15:14:49	INFO	Отчет 'pr_node1_20231103.xml' обработан.
15:14:49	INFO	Отчет 'pr_node2_20231103.xml' обработан.
15:14:49	INFO	Отчет 'pr_node3_20231103.xml' обработан.
15:15:04	INFO	Отчет за '2023-11-03' удален.
15:15:29	INFO	Отчет за '2023-11-04' удален.
15:17:52	INFO	Вход в ИС.
15:18:09	INFO	Вход в ИС.
15:18:15	INFO	Отчет 'pr_node1_20231103.xml' обработан.
15:18:15	INFO	Отчет 'pr_node2_20231103.xml' обработан.
15:18:15	INFO	Отчет 'pr_node3_20231103.xml' обработан.
15:18:15	INFO	Отчет 'hr_node1_20231103T0000.xml' обработан.
15:18:15	INFO	Отчет 'hr_node1_20231103T0100.xml' обработан.
15:18:16	INFO	Отчет 'hr_node1_20231103T0200.xml' обработан.
15:18:16	INFO	Отчет 'hr_node1_20231103T0300.xml' обработан.
15:18:16	INFO	Отчет 'hr_node1_20231103T0400.xml' обработан.
15:18:16	INFO	Отчет 'hr_node1_20231103T0500.xml' обработан.
15:18:16	INFO	Отчет 'hr_node1_20231103T0600.xml' обработан.
15:18:16	INFO	Отчет 'hr_node1_20231103T0700.xml' обработан.
15:18:16	INFO	Отчет 'hr_node1_20231103T0800.xml' обработан.
15:18:16	INFO	Отчет 'hr_node1_20231103T0900.xml' обработан.
15:18:16	INFO	Отчет 'hr_node1_20231103T1000.xml' обработан.
15:18:16	INFO	Отчет 'hr_node1_20231103T1100.xml' обработан.
15:18:16	INFO	Отчет 'hr_node1_20231103T1200.xml' обработан.
15:18:16	INFO	Отчет 'hr_node1_20231103T1300.xml' обработан.
15:18:16	INFO	Отчет 'hr_node1_20231103T1400.xml' обработан.
15:18:16	INFO	Отчет 'hr_node1_20231103T1500.xml' обработан.
15:18:16	INFO	Отчет 'hr_node1_20231103T1600.xml' обработан.
15:18:16	INFO	Отчет 'hr_node1_20231103T1700.xml' обработан.
15:18:16	INFO	Отчет 'hr_node1_20231103T1800.xml' обработан.
15:18:17	INFO	Отчет 'hr_node1_20231103T1900.xml' обработан.
15:18:17	INFO	Отчет 'hr_node1_20231103T2000.xml' обработан.
15:18:17	INFO	Отчет 'hr_node1_20231103T2100.xml' обработан.
15:18:17	INFO	Отчет 'hr_node1_20231103T2200.xml' обработан.
15:18:17	INFO	Отчет 'hr_node1_20231103T2300.xml' обработан.
15:18:17	INFO	Отчет 'hr_node1_20231104T0000.xml' обработан.
15:18:32	INFO	Отчет за '2023-11-03' удален.
15:18:44	INFO	Вход в ИС.
15:18:57	INFO	Отчет за '2023-11-04' удален.
15:38:34	INFO	Вход в ИС.
15:50:52	INFO	 Пользователь 'User1' выполнил вход в ИС.
15:51:05	INFO	 Пользователь 'User1' вышел из ИС.
15:56:41	INFO	 Пользователь 'User1' выполнил вход в ИС.
15:59:38	INFO	 Пользователь 'User1' выполнил вход в ИС.
