16:35:57	ERROR	Исключение аутентификации пользователя 'User1': При установлении соединения с SQL Server произошла ошибка, связанная с сетью или с определенным экземпляром. Сервер не найден или недоступен. Убедитесь, что имя экземпляра указано правильно и что на SQL Server разрешены удаленные соединения. (provider: SQL Network Interfaces, error: 26 - Ошибка при обнаружении указанного сервера или экземпляра).
16:35:57	INFO	 Пользователь 'User1' выполнил вход в ИС.
16:37:14	ERROR	Исключение аутентификации пользователя 'User1': При установлении соединения с SQL Server произошла ошибка, связанная с сетью или с определенным экземпляром. Сервер не найден или недоступен. Убедитесь, что имя экземпляра указано правильно и что на SQL Server разрешены удаленные соединения. (provider: SQL Network Interfaces, error: 26 - Ошибка при обнаружении указанного сервера или экземпляра).
16:37:15	INFO	 Пользователь 'User1' выполнил вход в ИС.
16:37:40	ERROR	Исключение при получении списка таблиц узла node1: При установлении соединения с SQL Server произошла ошибка, связанная с сетью или с определенным экземпляром. Сервер не найден или недоступен. Убедитесь, что имя экземпляра указано правильно и что на SQL Server разрешены удаленные соединения. (provider: SQL Network Interfaces, error: 26 - Ошибка при обнаружении указанного сервера или экземпляра).
16:37:40	ERROR	Исключение при выгрузке набора данных по узлу node1: При установлении соединения с SQL Server произошла ошибка, связанная с сетью или с определенным экземпляром. Сервер не найден или недоступен. Убедитесь, что имя экземпляра указано правильно и что на SQL Server разрешены удаленные соединения. (provider: SQL Network Interfaces, error: 26 - Ошибка при обнаружении указанного сервера или экземпляра).
16:38:48	ERROR	Исключение аутентификации пользователя 'User1': При установлении соединения с SQL Server произошла ошибка, связанная с сетью или с определенным экземпляром. Сервер не найден или недоступен. Убедитесь, что имя экземпляра указано правильно и что на SQL Server разрешены удаленные соединения. (provider: SQL Network Interfaces, error: 26 - Ошибка при обнаружении указанного сервера или экземпляра).
16:38:48	INFO	 Пользователь 'User1' выполнил вход в ИС.
16:40:10	ERROR	Исключение аутентификации пользователя 'User1': При установлении соединения с SQL Server произошла ошибка, связанная с сетью или с определенным экземпляром. Сервер не найден или недоступен. Убедитесь, что имя экземпляра указано правильно и что на SQL Server разрешены удаленные соединения. (provider: SQL Network Interfaces, error: 26 - Ошибка при обнаружении указанного сервера или экземпляра).
16:40:10	INFO	 Пользователь 'User1' выполнил вход в ИС.
16:40:14	ERROR	Исключение при получении списка таблиц узла node1: При установлении соединения с SQL Server произошла ошибка, связанная с сетью или с определенным экземпляром. Сервер не найден или недоступен. Убедитесь, что имя экземпляра указано правильно и что на SQL Server разрешены удаленные соединения. (provider: SQL Network Interfaces, error: 26 - Ошибка при обнаружении указанного сервера или экземпляра).
16:40:14	ERROR	Исключение при выгрузке набора данных по узлу node1: При установлении соединения с SQL Server произошла ошибка, связанная с сетью или с определенным экземпляром. Сервер не найден или недоступен. Убедитесь, что имя экземпляра указано правильно и что на SQL Server разрешены удаленные соединения. (provider: SQL Network Interfaces, error: 26 - Ошибка при обнаружении указанного сервера или экземпляра).
16:41:36	ERROR	Исключение аутентификации пользователя 'User1': При установлении соединения с SQL Server произошла ошибка, связанная с сетью или с определенным экземпляром. Сервер не найден или недоступен. Убедитесь, что имя экземпляра указано правильно и что на SQL Server разрешены удаленные соединения. (provider: SQL Network Interfaces, error: 26 - Ошибка при обнаружении указанного сервера или экземпляра).
16:41:43	INFO	 Пользователь 'User1' выполнил вход в ИС.
16:43:18	ERROR	Исключение аутентификации пользователя 'User1': При установлении соединения с SQL Server произошла ошибка, связанная с сетью или с определенным экземпляром. Сервер не найден или недоступен. Убедитесь, что имя экземпляра указано правильно и что на SQL Server разрешены удаленные соединения. (provider: SQL Network Interfaces, error: 26 - Ошибка при обнаружении указанного сервера или экземпляра).
16:43:45	ERROR	Исключение аутентификации пользователя 'User1': При установлении соединения с SQL Server произошла ошибка, связанная с сетью или с определенным экземпляром. Сервер не найден или недоступен. Убедитесь, что имя экземпляра указано правильно и что на SQL Server разрешены удаленные соединения. (provider: SQL Network Interfaces, error: 26 - Ошибка при обнаружении указанного сервера или экземпляра).
16:44:18	ERROR	Исключение аутентификации пользователя 'User1': При установлении соединения с SQL Server произошла ошибка, связанная с сетью или с определенным экземпляром. Сервер не найден или недоступен. Убедитесь, что имя экземпляра указано правильно и что на SQL Server разрешены удаленные соединения. (provider: SQL Network Interfaces, error: 26 - Ошибка при обнаружении указанного сервера или экземпляра).
16:45:24	INFO	 Пользователь 'User1' выполнил вход в ИС.
16:47:31	INFO	 Пользователь 'User1' выполнил вход в ИС.
16:48:14	INFO	Протокол 'oqp_node1_123_20230901.xml' обработан.
16:48:14	INFO	Протокол 'oqp_node1_123_20230903.xml' обработан.
16:48:14	INFO	Протокол 'oqp_node1_123_20230904.xml' обработан.
16:48:14	INFO	Протокол 'oqp_node1_123_20230905.xml' обработан.
16:48:14	INFO	Протокол 'oqp_node2_123_20230901.xml' обработан.
16:48:14	INFO	Протокол 'oqp_node2_123_20230902.xml' обработан.
16:48:14	INFO	Протокол 'oqp_node2_123_20230903.xml' обработан.
16:48:14	INFO	Протокол 'oqp_node2_123_20230904.xml' обработан.
16:48:14	INFO	Протокол 'oqp_node2_123_20230905.xml' обработан.
16:48:14	INFO	Протокол 'oqp_node3_123_20230902.xml' обработан.
16:51:24	INFO	 Пользователь 'User1' выполнил вход в ИС.
16:51:26	INFO	Отчет 'pr_node1_20231103.xml' обработан.
16:52:10	INFO	Отчет 'hr_node1_20231103T0000.xml' обработан.
16:54:15	INFO	 Пользователь 'User1' выполнил вход в ИС.
16:55:35	INFO	 Пользователь 'User1' выполнил вход в ИС.
17:07:35	INFO	 Пользователь 'User1' выполнил вход в ИС.
17:29:51	INFO	 Пользователь 'User1' выполнил вход в ИС.
17:31:38	INFO	 Пользователь 'User1' выполнил вход в ИС.
17:35:59	INFO	 Пользователь 'User1' выполнил вход в ИС.
17:36:01	INFO	Протокол 'kmx_density_node1_111_20230905.xml' обработан.
17:36:01	INFO	Протокол 'kmx_temperature_node1_123_20230905.xml' обработан.
17:36:01	INFO	Протокол 'kmx_pressure_node1_111_20230905.xml' обработан.
17:45:36	INFO	 Пользователь 'User1' выполнил вход в ИС.
17:46:47	INFO	 Пользователь 'User1' выполнил вход в ИС.
17:51:04	INFO	 Пользователь 'User1' выполнил вход в ИС.
18:00:44	INFO	 Пользователь 'User1' выполнил вход в ИС.
18:57:20	INFO	 Пользователь 'User1' выполнил вход в ИС.
18:58:32	INFO	 Пользователь 'User1' выполнил вход в ИС.
18:58:51	INFO	 Пользователь 'User1' выполнил вход в ИС.
19:03:36	INFO	 Пользователь 'User1' выполнил вход в ИС.
19:04:52	INFO	 Пользователь 'User1' выполнил вход в ИС.
19:05:42	INFO	 Пользователь 'User1' выполнил вход в ИС.
19:07:31	INFO	 Пользователь 'User1' выполнил вход в ИС.
19:07:33	INFO	Отчет 'hr_node1_20231103T0000.xml' обработан.
19:07:33	INFO	Отчет 'hr_node1_20231103T0100.xml' обработан.
19:07:33	INFO	Отчет 'hr_node1_20231103T0200.xml' обработан.
19:07:33	INFO	Отчет 'hr_node1_20231103T0300.xml' обработан.
19:07:33	INFO	Отчет 'hr_node1_20231103T0400.xml' обработан.
19:07:33	INFO	Отчет 'hr_node1_20231103T0500.xml' обработан.
19:07:33	INFO	Отчет 'hr_node1_20231103T0600.xml' обработан.
19:07:33	INFO	Отчет 'hr_node1_20231103T0700.xml' обработан.
19:07:33	INFO	Отчет 'hr_node1_20231103T0800.xml' обработан.
19:07:33	INFO	Отчет 'hr_node1_20231103T0900.xml' обработан.
19:07:33	INFO	Отчет 'hr_node1_20231103T1000.xml' обработан.
19:07:33	INFO	Отчет 'hr_node1_20231103T1100.xml' обработан.
19:07:33	INFO	Отчет 'hr_node1_20231103T1200.xml' обработан.
19:07:33	INFO	Отчет 'hr_node1_20231103T1300.xml' обработан.
19:07:33	INFO	Отчет 'hr_node1_20231103T1400.xml' обработан.
19:07:33	INFO	Отчет 'hr_node1_20231103T1500.xml' обработан.
19:07:33	INFO	Отчет 'hr_node1_20231103T1600.xml' обработан.
19:07:33	INFO	Отчет 'hr_node1_20231103T1700.xml' обработан.
19:07:33	INFO	Отчет 'hr_node1_20231103T1800.xml' обработан.
19:07:33	INFO	Отчет 'hr_node1_20231103T1900.xml' обработан.
19:07:33	INFO	Отчет 'hr_node1_20231103T2000.xml' обработан.
19:07:33	INFO	Отчет 'hr_node1_20231103T2100.xml' обработан.
19:07:33	INFO	Отчет 'hr_node1_20231103T2200.xml' обработан.
19:07:33	INFO	Отчет 'hr_node1_20231103T2300.xml' обработан.
19:07:33	INFO	Отчет 'hr_node1_20231104T0000.xml' обработан.
19:08:27	INFO	 Пользователь 'User1' выполнил вход в ИС.
19:17:43	INFO	 Пользователь 'User1' выполнил вход в ИС.
22:17:32	INFO	 Пользователь 'User1' выполнил вход в ИС.
22:19:06	INFO	 Пользователь 'User1' выполнил вход в ИС.
22:19:19	INFO	Протокол 'oqp_node1_123_20230901.xml' обработан.
22:19:19	INFO	Протокол 'oqp_node1_123_20230903.xml' обработан.
22:19:19	INFO	Протокол 'oqp_node1_123_20230904.xml' обработан.
22:19:19	INFO	Протокол 'oqp_node1_123_20230905.xml' обработан.
22:19:19	INFO	Протокол 'oqp_node2_123_20230901.xml' обработан.
22:19:19	INFO	Протокол 'oqp_node2_123_20230902.xml' обработан.
22:19:19	INFO	Протокол 'oqp_node2_123_20230903.xml' обработан.
22:19:19	INFO	Протокол 'oqp_node2_123_20230904.xml' обработан.
22:19:19	INFO	Протокол 'oqp_node2_123_20230905.xml' обработан.
22:19:19	INFO	Протокол 'oqp_node3_123_20230902.xml' обработан.
22:22:59	INFO	 Пользователь 'User1' выполнил вход в ИС.
22:23:01	INFO	Протокол 'oqp_node1_123_20230901.xml' обработан.
22:23:01	INFO	Протокол 'oqp_node1_123_20230903.xml' обработан.
22:23:01	INFO	Протокол 'oqp_node1_123_20230904.xml' обработан.
22:23:01	INFO	Протокол 'oqp_node1_123_20230905.xml' обработан.
22:23:01	INFO	Протокол 'oqp_node2_123_20230901.xml' обработан.
22:23:01	INFO	Протокол 'oqp_node2_123_20230902.xml' обработан.
22:23:01	INFO	Протокол 'oqp_node2_123_20230903.xml' обработан.
22:23:01	INFO	Протокол 'oqp_node2_123_20230904.xml' обработан.
22:23:01	INFO	Протокол 'oqp_node2_123_20230905.xml' обработан.
22:23:01	INFO	Протокол 'oqp_node3_123_20230902.xml' обработан.
22:30:57	INFO	 Пользователь 'User1' выполнил вход в ИС.
22:50:31	INFO	 Пользователь 'User1' выполнил вход в ИС.
22:51:00	INFO	 Пользователь 'User1' выполнил вход в ИС.
22:51:30	INFO	 Пользователь 'User1' вышел из ИС.
22:54:39	INFO	 Пользователь 'User1' выполнил вход в ИС.
22:57:37	INFO	 Пользователь 'User1' выполнил вход в ИС.
22:59:57	INFO	 Пользователь 'User1' вышел из ИС.
23:00:50	INFO	 Пользователь 'User1' выполнил вход в ИС.
23:32:13	INFO	 Пользователь 'User1' выполнил вход в ИС.
23:35:29	INFO	 Пользователь 'User1' выполнил вход в ИС.
23:35:58	INFO	Отчет 'hr_node1_20231103T0000.xml' обработан.
