0:07:37	INFO	 Пользователь 'User1' выполнил вход в ИС.
0:09:12	INFO	 Пользователь 'User1' выполнил вход в ИС.
0:09:45	INFO	 Пользователь 'User1' выполнил вход в ИС.
0:10:57	INFO	Журнал 'e_node1_02.11.2023.xml' обработан.
0:10:57	INFO	Журнал 'e_node1_03.11.2023.xml' обработан.
0:10:57	INFO	Журнал 'e_node1_04.11.2023.xml' обработан.
0:10:57	INFO	Журнал 'e_node2_01.11.2023.xml' обработан.
0:10:57	INFO	Журнал 'e_node2_02.11.2023.xml' обработан.
0:10:57	INFO	Журнал 'e_node2_03.11.2023.xml' обработан.
0:10:57	INFO	Журнал 'e_node2_04.11.2023.xml' обработан.
0:10:57	INFO	Журнал 'e_node3_01.11.2023.xml' обработан.
0:10:57	INFO	Журнал 'e_node3_02.11.2023.xml' обработан.
0:10:57	INFO	Журнал 'e_node3_03.11.2023.xml' обработан.
0:10:57	INFO	Журнал 'e_node3_04.11.2023.xml' обработан.
0:10:57	ERROR	Исключение при обработке файла 'critical_e_node1_02.11.2023.xml': Недопустимое имя объекта "e_critical_events"..
0:11:43	INFO	 Пользователь 'User1' выполнил вход в ИС.
0:12:50	ERROR	Исключение при обработке файла 'critical_e_node1_02.11.2023.xml': Недопустимое имя объекта "e_critical_events"..
0:13:06	INFO	 Пользователь 'User1' выполнил вход в ИС.
0:13:55	INFO	 Пользователь 'User1' выполнил вход в ИС.
0:13:59	INFO	Журнал 'critical_e_node1_02.11.2023.xml' обработан.
0:14:18	INFO	 Пользователь 'User1' выполнил вход в ИС.
0:15:17	INFO	Журнал 'critical_e_node1_02.11.2023.xml' обработан.
0:15:24	INFO	 Пользователь 'User1' выполнил вход в ИС.
0:15:28	INFO	Журнал 'critical_e_node1_02.11.2023.xml' обработан.
0:15:46	INFO	Журнал 'critical_e_node1_02.11.2023.xml' обработан.
0:16:29	INFO	 Пользователь 'User1' выполнил вход в ИС.
0:18:05	INFO	 Пользователь 'User1' выполнил вход в ИС.
0:18:15	INFO	Журнал 'critical_e_node1_02.11.2023.xml' обработан.
0:18:38	INFO	 Пользователь 'User1' выполнил вход в ИС.
0:18:44	ERROR	Исключение при обработке файла 'critical_e_node1_02.11.2023.xml': Недопустимая операция в нескольких потоках: попытка доступа к элементу управления 'MainForm' не из того потока, в котором он был создан..
0:18:54	ERROR	Исключение при обработке файла 'critical_e_node1_02.11.2023.xml': Недопустимая операция в нескольких потоках: попытка доступа к элементу управления 'MainForm' не из того потока, в котором он был создан..
0:19:10	ERROR	Исключение при обработке файла 'critical_e_node1_02.11.2023.xml': Недопустимая операция в нескольких потоках: попытка доступа к элементу управления 'MainForm' не из того потока, в котором он был создан..
0:19:17	INFO	 Пользователь 'User1' вышел из ИС.
0:19:24	INFO	 Пользователь 'User1' выполнил вход в ИС.
0:19:33	ERROR	Исключение при обработке файла 'critical_e_node1_02.11.2023.xml': Недопустимая операция в нескольких потоках: попытка доступа к элементу управления 'MainForm' не из того потока, в котором он был создан..
0:19:47	INFO	 Пользователь 'User1' выполнил вход в ИС.
0:20:02	INFO	Журнал 'critical_e_node1_02.11.2023.xml' обработан.
0:20:09	INFO	 Пользователь 'User1' выполнил вход в ИС.
0:20:21	INFO	Журнал 'critical_e_node1_02.11.2023.xml' обработан.
0:20:48	INFO	 Пользователь 'User1' выполнил вход в ИС.
0:20:52	ERROR	Исключение при обработке файла 'critical_e_node1_02.11.2023.xml': Недопустимая операция в нескольких потоках: попытка доступа к элементу управления 'MainForm' не из того потока, в котором он был создан..
0:21:29	INFO	 Пользователь 'User1' выполнил вход в ИС.
0:22:07	INFO	Журнал 'critical_e_node1_02.11.2023.xml' обработан.
0:27:08	INFO	 Пользователь 'User1' выполнил вход в ИС.
0:28:31	INFO	 Пользователь 'User1' выполнил вход в ИС.
0:28:58	INFO	 Пользователь 'User1' выполнил вход в ИС.
0:32:51	INFO	 Пользователь 'User1' выполнил вход в ИС.
0:33:00	INFO	Журнал 'critical_e_node1_02.11.2023.xml' обработан.
0:33:21	INFO	 Пользователь 'User1' вышел из ИС.
0:45:57	INFO	 Пользователь 'User1' выполнил вход в ИС.
0:46:58	INFO	Журнал за '2023-11-03' удален.
0:47:03	INFO	Журнал за '2023-11-02' удален.
0:48:12	INFO	 Пользователь 'User1' вышел из ИС.
0:48:18	INFO	 Пользователь 'User1' выполнил вход в ИС.
0:48:26	INFO	 Пользователь 'User1' вышел из ИС.
0:48:59	INFO	 Пользователь 'User1' выполнил вход в ИС.
0:50:08	INFO	 Пользователь 'User1' выполнил вход в ИС.
0:50:38	INFO	 Пользователь 'User1' вышел из ИС.
0:51:16	INFO	 Пользователь 'User1' выполнил вход в ИС.
0:51:18	INFO	Протокол 'kmx_density_node1_111_20230905.xml' обработан.
0:51:18	INFO	Протокол 'kmx_temperature_node1_123_20230905.xml' обработан.
0:51:18	INFO	Протокол 'kmx_temperature_node1_124_20230904.xml' обработан.
0:51:18	INFO	Протокол 'kmx_temperature_node1_125_20230903.xml' обработан.
0:51:18	INFO	Протокол 'kmx_temperature_node2_224_20230901.xml' обработан.
0:51:18	INFO	Протокол 'kmx_temperature_node3_336_20230902.xml' обработан.
0:51:18	INFO	Протокол 'kmx_pressure_node1_111_20230905.xml' обработан.
0:51:18	INFO	Протокол 'kmx_pressure_node2_222_20230904.xml' обработан.
0:51:18	INFO	Протокол 'kmx_pressure_node2_223_20230903.xml' обработан.
0:51:18	INFO	Протокол 'kmx_pressure_node2_334_20230901.xml' обработан.
0:51:18	INFO	Протокол 'kmx_pressure_node3_333_20230902.xml' обработан.
0:51:18	INFO	Протокол 'oqp_node1_123_20230901.xml' обработан.
0:51:18	INFO	Протокол 'oqp_node1_123_20230903.xml' обработан.
0:51:18	INFO	Протокол 'oqp_node1_123_20230904.xml' обработан.
0:51:18	INFO	Протокол 'oqp_node1_123_20230905.xml' обработан.
0:51:18	INFO	Протокол 'oqp_node2_123_20230901.xml' обработан.
0:51:18	INFO	Протокол 'oqp_node2_123_20230902.xml' обработан.
0:51:18	INFO	Протокол 'oqp_node2_123_20230903.xml' обработан.
0:51:18	INFO	Протокол 'oqp_node2_123_20230904.xml' обработан.
0:51:18	INFO	Протокол 'oqp_node2_123_20230905.xml' обработан.
0:51:18	INFO	Протокол 'oqp_node3_123_20230902.xml' обработан.
0:51:18	ERROR	Исключение при обработке файла 'pr_node1_20231101.xml': Отсутствует корневой элемент..
0:51:18	INFO	Отчет 'pr_node1_20231103.xml' обработан.
0:51:18	INFO	Отчет 'pr_node2_20231103.xml' обработан.
0:51:18	INFO	Отчет 'pr_node3_20231103.xml' обработан.
0:51:18	INFO	Отчет 'hr_node1_20231103T0000.xml' обработан.
0:51:18	INFO	Отчет 'hr_node1_20231103T0100.xml' обработан.
0:51:18	INFO	Отчет 'hr_node1_20231103T0200.xml' обработан.
0:51:18	INFO	Отчет 'hr_node1_20231103T0300.xml' обработан.
0:51:18	INFO	Отчет 'hr_node1_20231103T0400.xml' обработан.
0:51:18	INFO	Отчет 'hr_node1_20231103T0500.xml' обработан.
0:51:18	INFO	Отчет 'hr_node1_20231103T0600.xml' обработан.
0:51:18	INFO	Отчет 'hr_node1_20231103T0700.xml' обработан.
0:51:18	INFO	Отчет 'hr_node1_20231103T0800.xml' обработан.
0:51:18	INFO	Отчет 'hr_node1_20231103T0900.xml' обработан.
0:51:18	INFO	Отчет 'hr_node1_20231103T1000.xml' обработан.
0:51:18	INFO	Отчет 'hr_node1_20231103T1100.xml' обработан.
0:51:18	INFO	Отчет 'hr_node1_20231103T1200.xml' обработан.
0:51:18	INFO	Отчет 'hr_node1_20231103T1300.xml' обработан.
0:51:18	INFO	Отчет 'hr_node1_20231103T1400.xml' обработан.
0:51:18	INFO	Отчет 'hr_node1_20231103T1500.xml' обработан.
0:51:18	INFO	Отчет 'hr_node1_20231103T1600.xml' обработан.
0:51:18	INFO	Отчет 'hr_node1_20231103T1700.xml' обработан.
0:51:18	INFO	Отчет 'hr_node1_20231103T1800.xml' обработан.
0:51:18	INFO	Отчет 'hr_node1_20231103T1900.xml' обработан.
0:51:18	INFO	Отчет 'hr_node1_20231103T2000.xml' обработан.
0:51:18	INFO	Отчет 'hr_node1_20231103T2100.xml' обработан.
0:51:18	INFO	Отчет 'hr_node1_20231103T2200.xml' обработан.
0:51:18	INFO	Отчет 'hr_node1_20231103T2300.xml' обработан.
0:51:18	INFO	Отчет 'hr_node1_20231104T0000.xml' обработан.
0:51:18	INFO	Журнал 'e_node1_02.11.2023.xml' обработан.
0:51:18	INFO	Журнал 'e_node1_03.11.2023.xml' обработан.
0:51:18	INFO	Журнал 'e_node1_04.11.2023.xml' обработан.
0:51:18	INFO	Журнал 'e_node2_01.11.2023.xml' обработан.
0:51:18	INFO	Журнал 'e_node2_02.11.2023.xml' обработан.
0:51:18	INFO	Журнал 'e_node2_03.11.2023.xml' обработан.
0:51:18	INFO	Журнал 'e_node2_04.11.2023.xml' обработан.
0:51:18	INFO	Журнал 'e_node3_01.11.2023.xml' обработан.
0:51:18	INFO	Журнал 'e_node3_02.11.2023.xml' обработан.
0:51:18	INFO	Журнал 'e_node3_03.11.2023.xml' обработан.
0:51:18	INFO	Журнал 'e_node3_04.11.2023.xml' обработан.
0:51:21	INFO	Журнал 'critical_e_node1_02.11.2023.xml' обработан.
0:53:45	INFO	 Пользователь 'User1' выполнил вход в ИС.
0:54:50	INFO	 Пользователь 'User1' выполнил вход в ИС.
0:55:19	INFO	 Пользователь 'User1' вышел из ИС.
0:56:16	INFO	 Пользователь 'User1' выполнил вход в ИС.
0:56:48	INFO	 Пользователь 'User1' вышел из ИС.
1:00:06	INFO	 Пользователь 'User1' выполнил вход в ИС.
1:00:33	INFO	 Пользователь 'User1' вышел из ИС.
1:01:06	INFO	 Пользователь 'User1' выполнил вход в ИС.
1:01:41	INFO	 Пользователь 'User1' вышел из ИС.
1:02:17	INFO	 Пользователь 'User1' выполнил вход в ИС.
1:02:41	INFO	 Пользователь 'User1' вышел из ИС.
13:25:46	INFO	 Пользователь 'User1' выполнил вход в ИС.
13:25:55	INFO	 Пользователь 'User1' вышел из ИС.
13:49:36	INFO	 Пользователь 'User1' выполнил вход в ИС.
13:50:08	INFO	 Пользователь 'User1' вышел из ИС.
13:50:14	INFO	 Пользователь 'User1' выполнил вход в ИС.
13:50:26	INFO	 Пользователь 'User1' вышел из ИС.
13:51:15	INFO	 Пользователь 'User1' выполнил вход в ИС.
13:51:43	INFO	 Пользователь 'User1' вышел из ИС.
13:52:54	INFO	 Пользователь 'User1' выполнил вход в ИС.
13:53:32	INFO	 Пользователь 'User1' вышел из ИС.
13:54:04	INFO	 Пользователь 'User1' выполнил вход в ИС.
13:56:45	INFO	 Пользователь 'User1' вышел из ИС.
14:02:05	INFO	 Пользователь 'User1' выполнил вход в ИС.
14:02:53	INFO	 Пользователь 'User1' вышел из ИС.
14:03:09	INFO	 Пользователь 'User1' выполнил вход в ИС.
14:04:12	INFO	 Пользователь 'User1' вышел из ИС.
14:15:19	INFO	 Пользователь 'User1' выполнил вход в ИС.
14:15:34	INFO	 Пользователь 'User1' вышел из ИС.
14:28:26	INFO	 Пользователь 'User1' выполнил вход в ИС.
14:28:31	INFO	 Пользователь 'User1' вышел из ИС.
14:38:54	INFO	 Пользователь 'User1' выполнил вход в ИС.
14:39:19	INFO	 Пользователь 'User1' вышел из ИС.
14:40:35	INFO	 Пользователь 'User1' выполнил вход в ИС.
14:40:38	INFO	 Пользователь 'User1' вышел из ИС.
17:48:33	INFO	 Пользователь 'User1' выполнил вход в ИС.
17:48:43	INFO	 Пользователь 'User1' вышел из ИС.
17:49:19	INFO	 Пользователь 'User1' выполнил вход в ИС.
17:49:21	INFO	Протокол 'kmx_density_node1_111_20230905.xml' обработан.
17:49:21	INFO	Протокол 'kmx_temperature_node1_123_20230905.xml' обработан.
17:49:21	INFO	Протокол 'kmx_temperature_node1_124_20230904.xml' обработан.
17:49:21	INFO	Протокол 'kmx_temperature_node1_125_20230903.xml' обработан.
17:49:21	INFO	Протокол 'kmx_temperature_node2_224_20230901.xml' обработан.
17:49:21	INFO	Протокол 'kmx_temperature_node3_336_20230902.xml' обработан.
17:49:21	INFO	Протокол 'kmx_pressure_node1_111_20230905.xml' обработан.
17:49:21	INFO	Протокол 'kmx_pressure_node2_222_20230904.xml' обработан.
17:49:21	INFO	Протокол 'kmx_pressure_node2_223_20230903.xml' обработан.
17:49:21	INFO	Протокол 'kmx_pressure_node2_334_20230901.xml' обработан.
17:49:21	INFO	Протокол 'kmx_pressure_node3_333_20230902.xml' обработан.
17:49:21	INFO	Протокол 'oqp_node1_123_20230901.xml' обработан.
17:49:21	INFO	Протокол 'oqp_node1_123_20230903.xml' обработан.
17:49:21	INFO	Протокол 'oqp_node1_123_20230904.xml' обработан.
17:49:21	INFO	Протокол 'oqp_node1_123_20230905.xml' обработан.
17:49:21	INFO	Протокол 'oqp_node2_123_20230901.xml' обработан.
17:49:21	INFO	Протокол 'oqp_node2_123_20230902.xml' обработан.
17:49:21	INFO	Протокол 'oqp_node2_123_20230903.xml' обработан.
17:49:21	INFO	Протокол 'oqp_node2_123_20230904.xml' обработан.
17:49:21	INFO	Протокол 'oqp_node2_123_20230905.xml' обработан.
17:49:21	INFO	Протокол 'oqp_node3_123_20230902.xml' обработан.
17:49:21	ERROR	Исключение при обработке файла 'pr_node1_20231101.xml': Отсутствует корневой элемент..
17:49:21	INFO	Отчет 'pr_node1_20231103.xml' обработан.
17:49:21	INFO	Отчет 'pr_node2_20231103.xml' обработан.
17:49:21	INFO	Отчет 'pr_node3_20231103.xml' обработан.
17:49:21	INFO	Отчет 'hr_node1_20231103T0000.xml' обработан.
17:49:21	INFO	Отчет 'hr_node1_20231103T0100.xml' обработан.
17:49:21	INFO	Отчет 'hr_node1_20231103T0200.xml' обработан.
17:49:21	INFO	Отчет 'hr_node1_20231103T0300.xml' обработан.
17:49:21	INFO	Отчет 'hr_node1_20231103T0400.xml' обработан.
17:49:21	INFO	Отчет 'hr_node1_20231103T0500.xml' обработан.
17:49:21	INFO	Отчет 'hr_node1_20231103T0600.xml' обработан.
17:49:21	INFO	Отчет 'hr_node1_20231103T0700.xml' обработан.
17:49:21	INFO	Отчет 'hr_node1_20231103T0800.xml' обработан.
17:49:21	INFO	Отчет 'hr_node1_20231103T0900.xml' обработан.
17:49:21	INFO	Отчет 'hr_node1_20231103T1000.xml' обработан.
17:49:21	INFO	Отчет 'hr_node1_20231103T1100.xml' обработан.
17:49:21	INFO	Отчет 'hr_node1_20231103T1200.xml' обработан.
17:49:21	INFO	Отчет 'hr_node1_20231103T1300.xml' обработан.
17:49:21	INFO	Отчет 'hr_node1_20231103T1400.xml' обработан.
17:49:21	INFO	Отчет 'hr_node1_20231103T1500.xml' обработан.
17:49:21	INFO	Отчет 'hr_node1_20231103T1600.xml' обработан.
17:49:21	INFO	Отчет 'hr_node1_20231103T1700.xml' обработан.
17:49:21	INFO	Отчет 'hr_node1_20231103T1800.xml' обработан.
17:49:21	INFO	Отчет 'hr_node1_20231103T1900.xml' обработан.
17:49:21	INFO	Отчет 'hr_node1_20231103T2000.xml' обработан.
17:49:21	INFO	Отчет 'hr_node1_20231103T2100.xml' обработан.
17:49:21	INFO	Отчет 'hr_node1_20231103T2200.xml' обработан.
17:49:21	INFO	Отчет 'hr_node1_20231103T2300.xml' обработан.
17:49:21	INFO	Отчет 'hr_node1_20231104T0000.xml' обработан.
17:49:21	INFO	Журнал 'e_node1_02.11.2023.xml' обработан.
17:49:21	INFO	Журнал 'e_node1_03.11.2023.xml' обработан.
17:49:21	INFO	Журнал 'e_node1_04.11.2023.xml' обработан.
17:49:21	INFO	Журнал 'e_node2_01.11.2023.xml' обработан.
17:49:21	INFO	Журнал 'e_node2_02.11.2023.xml' обработан.
17:49:21	INFO	Журнал 'e_node2_03.11.2023.xml' обработан.
17:49:21	INFO	Журнал 'e_node2_04.11.2023.xml' обработан.
17:49:21	INFO	Журнал 'e_node3_01.11.2023.xml' обработан.
17:49:21	INFO	Журнал 'e_node3_02.11.2023.xml' обработан.
17:49:21	INFO	Журнал 'e_node3_03.11.2023.xml' обработан.
17:49:21	INFO	Журнал 'e_node3_04.11.2023.xml' обработан.
17:49:24	INFO	Журнал 'critical_e_node1_02.11.2023.xml' обработан.
17:50:24	INFO	 Пользователь 'User1' вышел из ИС.
17:51:17	INFO	 Пользователь 'User1' выполнил вход в ИС.
17:51:28	INFO	 Пользователь 'User1' вышел из ИС.
17:52:08	INFO	 Пользователь 'User1' выполнил вход в ИС.
17:52:47	INFO	 Пользователь 'User1' вышел из ИС.
17:53:56	INFO	 Пользователь 'User1' выполнил вход в ИС.
17:54:10	INFO	 Пользователь 'User1' вышел из ИС.
17:55:21	INFO	 Пользователь 'User1' выполнил вход в ИС.
17:55:33	INFO	 Пользователь 'User1' вышел из ИС.
17:56:45	INFO	 Пользователь 'User1' выполнил вход в ИС.
17:57:02	INFO	 Пользователь 'User1' вышел из ИС.
21:20:46	INFO	 Пользователь 'User1' выполнил вход в ИС.
21:20:51	INFO	 Пользователь 'User1' вышел из ИС.
23:04:12	INFO	 Пользователь 'User1' выполнил вход в ИС.
23:04:24	INFO	 Пользователь 'User1' вышел из ИС.
