18:13:22	INFO	 Пользователь 'User1' выполнил вход в ИС.
18:13:31	INFO	 Пользователь 'User1' вышел из ИС.
18:14:05	INFO	 Пользователь 'User1' выполнил вход в ИС.
18:33:11	INFO	 Пользователь 'User1' выполнил вход в ИС.
18:33:16	INFO	 Пользователь 'User1' вышел из ИС.
18:33:44	INFO	 Пользователь 'User1' выполнил вход в ИС.
18:34:43	INFO	 Пользователь 'User1' выполнил вход в ИС.
18:38:13	INFO	 Пользователь 'User1' выполнил вход в ИС.
18:39:23	INFO	 Пользователь 'User1' выполнил вход в ИС.
18:44:11	INFO	 Пользователь 'User1' выполнил вход в ИС.
18:44:40	INFO	 Пользователь 'User1' выполнил вход в ИС.
18:45:06	INFO	 Пользователь 'User1' выполнил вход в ИС.
18:45:18	INFO	 Пользователь 'User1' вышел из ИС.
18:45:26	INFO	 Пользователь 'User1' выполнил вход в ИС.
18:45:35	INFO	 Пользователь 'User1' вышел из ИС.
18:45:52	INFO	 Пользователь 'Admin' выполнил вход в ИС.
18:48:16	INFO	 Пользователь 'User1' выполнил вход в ИС.
18:49:45	INFO	 Пользователь 'User1' вышел из ИС.
18:55:42	INFO	 Пользователь 'User1' выполнил вход в ИС.
18:57:30	INFO	 Пользователь 'User1' вышел из ИС.
19:00:20	INFO	 Пользователь 'User1' выполнил вход в ИС.
19:01:36	INFO	 Пользователь 'User1' вышел из ИС.
19:02:47	INFO	 Пользователь 'User1' выполнил вход в ИС.
19:03:48	INFO	 Пользователь 'User1' вышел из ИС.
19:04:29	INFO	 Пользователь 'User1' выполнил вход в ИС.
19:04:44	INFO	 Пользователь 'User1' вышел из ИС.
19:05:43	INFO	 Пользователь 'User1' выполнил вход в ИС.
19:06:42	INFO	 Пользователь 'User1' вышел из ИС.
19:06:53	INFO	 Пользователь 'User1' выполнил вход в ИС.
19:08:06	INFO	 Пользователь 'User1' вышел из ИС.
19:08:23	INFO	 Пользователь 'User1' выполнил вход в ИС.
19:08:38	INFO	 Пользователь 'User1' вышел из ИС.
19:08:50	INFO	 Пользователь 'User1' выполнил вход в ИС.
19:09:32	INFO	 Пользователь 'User1' вышел из ИС.
19:10:59	INFO	 Пользователь 'User1' выполнил вход в ИС.
19:12:50	INFO	 Пользователь 'User1' вышел из ИС.
19:14:11	INFO	 Пользователь 'User1' выполнил вход в ИС.
19:17:48	INFO	 Пользователь 'User1' выполнил вход в ИС.
19:18:28	INFO	 Пользователь 'User1' вышел из ИС.
19:18:58	INFO	 Пользователь 'User1' выполнил вход в ИС.
19:19:58	INFO	 Пользователь 'User1' вышел из ИС.
19:20:34	INFO	 Пользователь 'User1' выполнил вход в ИС.
19:21:10	INFO	 Пользователь 'User1' вышел из ИС.
19:23:09	INFO	 Пользователь 'User1' выполнил вход в ИС.
19:24:18	INFO	 Пользователь 'User1' вышел из ИС.
19:26:48	INFO	 Пользователь 'User1' выполнил вход в ИС.
19:27:02	INFO	 Пользователь 'User1' вышел из ИС.
19:27:13	INFO	 Пользователь 'User1' выполнил вход в ИС.
19:27:50	INFO	 Пользователь 'User1' вышел из ИС.
19:28:18	INFO	 Пользователь 'User1' выполнил вход в ИС.
19:28:33	INFO	 Пользователь 'User1' вышел из ИС.
19:37:19	INFO	 Пользователь 'User1' выполнил вход в ИС.
19:37:44	INFO	 Пользователь 'User1' выполнил вход в ИС.
19:38:57	INFO	 Пользователь 'User1' выполнил вход в ИС.
19:39:20	INFO	 Пользователь 'User1' вышел из ИС.
19:40:54	INFO	 Пользователь 'User1' выполнил вход в ИС.
19:41:22	INFO	 Пользователь 'User1' вышел из ИС.
19:42:07	INFO	 Пользователь 'User1' выполнил вход в ИС.
19:42:25	INFO	 Пользователь 'User1' вышел из ИС.
19:43:03	INFO	 Пользователь 'User1' выполнил вход в ИС.
19:43:25	INFO	 Пользователь 'User1' вышел из ИС.
19:43:45	INFO	 Пользователь 'User1' выполнил вход в ИС.
19:43:54	INFO	 Пользователь 'User1' вышел из ИС.
19:46:03	INFO	 Пользователь 'User1' выполнил вход в ИС.
19:46:23	INFO	 Пользователь 'User1' вышел из ИС.
19:51:52	INFO	 Пользователь 'User1' выполнил вход в ИС.
19:52:20	INFO	Протокол 'kmx_density_node1_111_20230905.xml' обработан.
19:52:20	INFO	Протокол 'kmx_temperature_node1_123_20230905.xml' обработан.
19:52:20	INFO	Протокол 'kmx_temperature_node1_124_20230904.xml' обработан.
19:52:20	INFO	Протокол 'kmx_temperature_node1_125_20230903.xml' обработан.
19:52:20	INFO	Протокол 'kmx_temperature_node2_224_20230901.xml' обработан.
19:52:20	INFO	Протокол 'kmx_temperature_node3_336_20230902.xml' обработан.
19:52:20	INFO	Протокол 'kmx_pressure_node1_111_20230905.xml' обработан.
19:52:20	INFO	Протокол 'kmx_pressure_node2_222_20230904.xml' обработан.
19:52:20	INFO	Протокол 'kmx_pressure_node2_223_20230903.xml' обработан.
19:52:20	INFO	Протокол 'kmx_pressure_node2_334_20230901.xml' обработан.
19:52:20	INFO	Протокол 'kmx_pressure_node3_333_20230902.xml' обработан.
19:52:20	INFO	Протокол 'oqp_node1_123_20230901.xml' обработан.
19:52:20	INFO	Протокол 'oqp_node1_123_20230903.xml' обработан.
19:52:20	INFO	Протокол 'oqp_node1_123_20230904.xml' обработан.
19:52:20	INFO	Протокол 'oqp_node1_123_20230905.xml' обработан.
19:52:20	INFO	Протокол 'oqp_node2_123_20230901.xml' обработан.
19:52:20	INFO	Протокол 'oqp_node2_123_20230902.xml' обработан.
19:52:20	INFO	Протокол 'oqp_node2_123_20230903.xml' обработан.
19:52:20	INFO	Протокол 'oqp_node2_123_20230904.xml' обработан.
19:52:20	INFO	Протокол 'oqp_node2_123_20230905.xml' обработан.
19:52:20	INFO	Протокол 'oqp_node3_123_20230902.xml' обработан.
19:52:20	ERROR	Исключение при обработке файла 'pr_node1_20231101.xml': Отсутствует корневой элемент..
19:52:20	INFO	Отчет 'pr_node1_20231103.xml' обработан.
19:52:20	INFO	Отчет 'pr_node2_20231103.xml' обработан.
19:52:20	INFO	Отчет 'pr_node3_20231103.xml' обработан.
19:52:20	INFO	Отчет 'hr_node1_20231103T0000.xml' обработан.
19:52:20	INFO	Отчет 'hr_node1_20231103T0100.xml' обработан.
19:52:20	INFO	Отчет 'hr_node1_20231103T0200.xml' обработан.
19:52:20	INFO	Отчет 'hr_node1_20231103T0300.xml' обработан.
19:52:20	INFO	Отчет 'hr_node1_20231103T0400.xml' обработан.
19:52:20	INFO	Отчет 'hr_node1_20231103T0500.xml' обработан.
19:52:20	INFO	Отчет 'hr_node1_20231103T0600.xml' обработан.
19:52:20	INFO	Отчет 'hr_node1_20231103T0700.xml' обработан.
19:52:20	INFO	Отчет 'hr_node1_20231103T0800.xml' обработан.
19:52:20	INFO	Отчет 'hr_node1_20231103T0900.xml' обработан.
19:52:20	INFO	Отчет 'hr_node1_20231103T1000.xml' обработан.
19:52:20	INFO	Отчет 'hr_node1_20231103T1100.xml' обработан.
19:52:20	INFO	Отчет 'hr_node1_20231103T1200.xml' обработан.
19:52:20	INFO	Отчет 'hr_node1_20231103T1300.xml' обработан.
19:52:20	INFO	Отчет 'hr_node1_20231103T1400.xml' обработан.
19:52:20	INFO	Отчет 'hr_node1_20231103T1500.xml' обработан.
19:52:20	INFO	Отчет 'hr_node1_20231103T1600.xml' обработан.
19:52:20	INFO	Отчет 'hr_node1_20231103T1700.xml' обработан.
19:52:20	INFO	Отчет 'hr_node1_20231103T1800.xml' обработан.
19:52:20	INFO	Отчет 'hr_node1_20231103T1900.xml' обработан.
19:52:20	INFO	Отчет 'hr_node1_20231103T2000.xml' обработан.
19:52:20	INFO	Отчет 'hr_node1_20231103T2100.xml' обработан.
19:52:20	INFO	Отчет 'hr_node1_20231103T2200.xml' обработан.
19:52:20	INFO	Отчет 'hr_node1_20231103T2300.xml' обработан.
19:52:20	INFO	Отчет 'hr_node1_20231104T0000.xml' обработан.
19:52:20	INFO	Журнал 'e_node1_02.11.2023.xml' обработан.
19:52:20	INFO	Журнал 'e_node1_03.11.2023.xml' обработан.
19:52:20	INFO	Журнал 'e_node1_04.11.2023.xml' обработан.
19:52:20	INFO	Журнал 'e_node2_01.11.2023.xml' обработан.
19:52:20	INFO	Журнал 'e_node2_02.11.2023.xml' обработан.
19:52:20	INFO	Журнал 'e_node2_03.11.2023.xml' обработан.
19:52:20	INFO	Журнал 'e_node2_04.11.2023.xml' обработан.
19:52:20	INFO	Журнал 'e_node3_01.11.2023.xml' обработан.
19:52:20	INFO	Журнал 'e_node3_02.11.2023.xml' обработан.
19:52:20	INFO	Журнал 'e_node3_03.11.2023.xml' обработан.
19:52:20	INFO	Журнал 'e_node3_04.11.2023.xml' обработан.
19:52:22	INFO	Журнал 'critical_e_node1_02.11.2023.xml' обработан.
19:52:53	INFO	 Пользователь 'User1' выполнил вход в ИС.
19:54:38	INFO	 Пользователь 'User1' выполнил вход в ИС.
19:57:14	INFO	 Пользователь 'User1' выполнил вход в ИС.
19:57:27	INFO	 Пользователь 'User1' выполнил вход в ИС.
19:58:06	INFO	 Пользователь 'User1' выполнил вход в ИС.
19:58:44	INFO	 Пользователь 'User1' выполнил вход в ИС.
19:59:12	INFO	 Пользователь 'User1' вышел из ИС.
19:59:40	INFO	 Пользователь 'User1' выполнил вход в ИС.
20:00:42	INFO	 Пользователь 'User1' выполнил вход в ИС.
20:01:06	INFO	 Пользователь 'User1' выполнил вход в ИС.
20:01:30	INFO	 Пользователь 'User1' вышел из ИС.
20:14:06	INFO	 Пользователь 'User1' выполнил вход в ИС.
20:14:14	INFO	 Пользователь 'User1' вышел из ИС.
20:14:39	INFO	 Пользователь 'Admin' выполнил вход в ИС.
20:15:04	INFO	 Пользователь 'Admin' вышел из ИС.
20:19:32	INFO	 Пользователь 'Admin' выполнил вход в ИС.
20:20:25	INFO	 Пользователь 'Admin' выполнил вход в ИС.
20:20:38	INFO	 Пользователь 'Admin' вышел из ИС.
20:21:07	INFO	 Пользователь 'Admin' выполнил вход в ИС.
20:22:53	INFO	 Пользователь 'Admin' выполнил вход в ИС.
20:24:39	INFO	 Пользователь 'Admin' выполнил вход в ИС.
20:26:29	INFO	 Пользователь 'Admin' выполнил вход в ИС.
20:27:08	INFO	 Пользователь 'Admin' выполнил вход в ИС.
20:27:28	INFO	 Пользователь 'Admin' вышел из ИС.
20:29:45	INFO	 Пользователь 'Admin' выполнил вход в ИС.
20:30:28	INFO	 Пользователь 'Admin' выполнил вход в ИС.
20:30:41	INFO	 Пользователь 'Admin' вышел из ИС.
20:31:19	INFO	 Пользователь 'Admin' выполнил вход в ИС.
20:31:59	INFO	 Пользователь 'Admin' выполнил вход в ИС.
20:32:45	INFO	 Пользователь 'Admin' выполнил вход в ИС.
20:39:47	INFO	 Пользователь 'Admin' вышел из ИС.
20:42:07	INFO	 Пользователь 'Admin' выполнил вход в ИС.
20:42:57	INFO	 Пользователь 'Admin' вышел из ИС.
20:46:38	INFO	 Пользователь 'Admin' выполнил вход в ИС.
20:48:59	INFO	 Пользователь 'Admin' вышел из ИС.
20:49:53	INFO	 Пользователь 'Admin' выполнил вход в ИС.
20:50:11	INFO	 Пользователь 'Admin' вышел из ИС.
20:51:10	INFO	 Пользователь 'Admin' выполнил вход в ИС.
20:51:20	INFO	 Пользователь 'Admin' вышел из ИС.
20:51:30	INFO	 Пользователь 'Admin' выполнил вход в ИС.
20:51:44	INFO	 Пользователь 'Admin' вышел из ИС.
20:53:42	INFO	 Пользователь 'Admin' выполнил вход в ИС.
20:55:27	INFO	 Пользователь 'Admin' выполнил вход в ИС.
20:57:37	INFO	 Пользователь 'Admin' вышел из ИС.
20:58:33	INFO	 Пользователь 'Admin' выполнил вход в ИС.
20:58:55	INFO	 Пользователь 'Admin' вышел из ИС.
21:04:40	INFO	 Пользователь 'Admin' выполнил вход в ИС.
21:05:56	INFO	 Пользователь 'Admin' вышел из ИС.
21:06:41	INFO	 Пользователь 'Admin' выполнил вход в ИС.
21:11:44	INFO	 Пользователь 'Admin' вышел из ИС.
22:00:17	INFO	 Пользователь 'Admin' выполнил вход в ИС.
22:22:53	INFO	 Пользователь 'Admin' выполнил вход в ИС.
22:23:28	INFO	 Пользователь 'Admin' выполнил вход в ИС.
22:24:04	INFO	 Пользователь 'Admin' выполнил вход в ИС.
22:27:49	INFO	 Пользователь 'Admin' выполнил вход в ИС.
22:28:15	INFO	 Пользователь 'Admin' вышел из ИС.
22:28:37	INFO	 Пользователь 'Admin' выполнил вход в ИС.
22:30:39	INFO	 Пользователь 'Admin' выполнил вход в ИС.
22:32:09	INFO	 Пользователь 'Admin' выполнил вход в ИС.
22:32:43	INFO	 Пользователь 'Admin' выполнил вход в ИС.
22:39:04	INFO	 Пользователь 'Admin' выполнил вход в ИС.
22:40:18	INFO	 Пользователь 'Admin' выполнил вход в ИС.
22:43:10	INFO	 Пользователь 'Admin' выполнил вход в ИС.
22:44:51	INFO	 Пользователь 'Admin' выполнил вход в ИС.
22:45:08	INFO	 Пользователь 'Admin' вышел из ИС.
22:47:13	INFO	 Пользователь 'Admin' выполнил вход в ИС.
22:48:55	INFO	 Пользователь 'Admin' вышел из ИС.
22:49:01	INFO	 Пользователь 'Admin' выполнил вход в ИС.
22:49:32	INFO	 Пользователь 'Admin' вышел из ИС.
22:50:28	INFO	 Пользователь 'Admin' выполнил вход в ИС.
22:50:56	INFO	 Пользователь 'Admin' вышел из ИС.
22:51:36	INFO	 Пользователь 'Admin' выполнил вход в ИС.
22:52:22	INFO	 Пользователь 'Admin' выполнил вход в ИС.
22:52:31	INFO	 Пользователь 'Admin' вышел из ИС.
22:53:13	INFO	 Пользователь 'Admin' выполнил вход в ИС.
22:54:01	INFO	 Пользователь 'Admin' вышел из ИС.
